# JRE version: Java(TM) SE Runtime Environment (8.0_05-b13) (build 1.8.0_05-b13)
# Java VM: Java HotSpot(TM) 64-Bit Server VM (25.5-b02 mixed mode windows-amd64 compressed oops)
Heap:
 PSYoungGen      total 20480K, used 9010K [0x00000000d5b80000, 0x00000000d7180000, 0x0000000100000000)
  eden space 18432K, 41% used [0x00000000d5b80000,0x00000000d63026e8,0x00000000d6d80000)
  from space 2048K, 64% used [0x00000000d6f80000,0x00000000d70ca3d8,0x00000000d7180000)
  to   space 2048K, 0% used [0x00000000d6d80000,0x00000000d6d80000,0x00000000d6f80000)
 ParOldGen       total 129536K, used 3617K [0x0000000081200000, 0x0000000089080000, 0x00000000d5b80000)
  object space 129536K, 2% used [0x0000000081200000,0x00000000815887a8,0x0000000089080000)
 Metaspace       used 15477K, capacity 15630K, committed 16000K, reserved 1062912K
  class space    used 1980K, capacity 2050K, committed 2176K, reserved 1048576K
GC Heap History (10 events):
Event: 0.532 GC heap before
{Heap before GC invocations=8 (full 0):
 PSYoungGen      total 5120K, used 4544K [0x00000000d5b80000, 0x00000000d6580000, 0x0000000100000000)
  eden space 3584K, 100% used [0x00000000d5b80000,0x00000000d5f00000,0x00000000d5f00000)
  from space 1536K, 62% used [0x00000000d5f00000,0x00000000d5ff0000,0x00000000d6080000)
  to   space 1536K, 0% used [0x00000000d6400000,0x00000000d6400000,0x00000000d6580000)
 ParOldGen       total 129536K, used 1228K [0x0000000081200000, 0x0000000089080000, 0x00000000d5b80000)
  object space 129536K, 0% used [0x0000000081200000,0x00000000813333f8,0x0000000089080000)
 Metaspace       used 7602K, capacity 7738K, committed 7936K, reserved 1056768K
  class space    used 899K, capacity 955K, committed 1024K, reserved 1048576K
Event: 0.534 GC heap after
Heap after GC invocations=8 (full 0):
 PSYoungGen      total 8704K, used 1216K [0x00000000d5b80000, 0x00000000d6580000, 0x0000000100000000)
  eden space 7168K, 0% used [0x00000000d5b80000,0x00000000d5b80000,0x00000000d6280000)
  from space 1536K, 79% used [0x00000000d6400000,0x00000000d6530000,0x00000000d6580000)
  to   space 1536K, 0% used [0x00000000d6280000,0x00000000d6280000,0x00000000d6400000)
 ParOldGen       total 129536K, used 1468K [0x0000000081200000, 0x0000000089080000, 0x00000000d5b80000)
  object space 129536K, 1% used [0x0000000081200000,0x000000008136f3f8,0x0000000089080000)
 Metaspace       used 7602K, capacity 7738K, committed 7936K, reserved 1056768K
  class space    used 899K, capacity 955K, committed 1024K, reserved 1048576K
}
Event: 0.610 GC heap before
{Heap before GC invocations=9 (full 0):
 PSYoungGen      total 8704K, used 8384K [0x00000000d5b80000, 0x00000000d6580000, 0x0000000100000000)
  eden space 7168K, 100% used [0x00000000d5b80000,0x00000000d6280000,0x00000000d6280000)
  from space 1536K, 79% used [0x00000000d6400000,0x00000000d6530000,0x00000000d6580000)
  to   space 1536K, 0% used [0x00000000d6280000,0x00000000d6280000,0x00000000d6400000)
 ParOldGen       total 129536K, used 1468K [0x0000000081200000, 0x0000000089080000, 0x00000000d5b80000)
  object space 129536K, 1% used [0x0000000081200000,0x000000008136f3f8,0x0000000089080000)
 Metaspace       used 8519K, capacity 8666K, committed 8832K, reserved 1056768K
  class space    used 1057K, capacity 1115K, committed 1152K, reserved 1048576K
Event: 0.613 GC heap after
Heap after GC invocations=9 (full 0):
 PSYoungGen      total 8704K, used 1509K [0x00000000d5b80000, 0x00000000d6a00000, 0x0000000100000000)
  eden space 7168K, 0% used [0x00000000d5b80000,0x00000000d5b80000,0x00000000d6280000)
  from space 1536K, 98% used [0x00000000d6280000,0x00000000d63f9520,0x00000000d6400000)
  to   space 1536K, 0% used [0x00000000d6880000,0x00000000d6880000,0x00000000d6a00000)
 ParOldGen       total 129536K, used 1724K [0x0000000081200000, 0x0000000089080000, 0x00000000d5b80000)
  object space 129536K, 1% used [0x0000000081200000,0x00000000813af3e0,0x0000000089080000)
 Metaspace       used 8519K, capacity 8666K, committed 8832K, reserved 1056768K
  class space    used 1057K, capacity 1115K, committed 1152K, reserved 1048576K
}
Event: 0.920 GC heap before
{Heap before GC invocations=10 (full 0):
 PSYoungGen      total 8704K, used 8677K [0x00000000d5b80000, 0x00000000d6a00000, 0x0000000100000000)
  eden space 7168K, 100% used [0x00000000d5b80000,0x00000000d6280000,0x00000000d6280000)
  from space 1536K, 98% used [0x00000000d6280000,0x00000000d63f9520,0x00000000d6400000)
  to   space 1536K, 0% used [0x00000000d6880000,0x00000000d6880000,0x00000000d6a00000)
 ParOldGen       total 129536K, used 1724K [0x0000000081200000, 0x0000000089080000, 0x00000000d5b80000)
  object space 129536K, 1% used [0x0000000081200000,0x00000000813af3e0,0x0000000089080000)
 Metaspace       used 9979K, capacity 10138K, committed 10368K, reserved 1058816K
  class space    used 1240K, capacity 1307K, committed 1408K, reserved 1048576K
Event: 0.924 GC heap after
Heap after GC invocations=10 (full 0):
 PSYoungGen      total 12800K, used 1483K [0x00000000d5b80000, 0x00000000d6b00000, 0x0000000100000000)
  eden space 11264K, 0% used [0x00000000d5b80000,0x00000000d5b80000,0x00000000d6680000)
  from space 1536K, 96% used [0x00000000d6880000,0x00000000d69f2ec0,0x00000000d6a00000)
  to   space 2048K, 0% used [0x00000000d6680000,0x00000000d6680000,0x00000000d6880000)
 ParOldGen       total 129536K, used 2456K [0x0000000081200000, 0x0000000089080000, 0x00000000d5b80000)
  object space 129536K, 1% used [0x0000000081200000,0x00000000814663f0,0x0000000089080000)
 Metaspace       used 9979K, capacity 10138K, committed 10368K, reserved 1058816K
  class space    used 1240K, capacity 1307K, committed 1408K, reserved 1048576K
}
Event: 1.056 GC heap before
{Heap before GC invocations=11 (full 0):
 PSYoungGen      total 12800K, used 12747K [0x00000000d5b80000, 0x00000000d6b00000, 0x0000000100000000)
  eden space 11264K, 100% used [0x00000000d5b80000,0x00000000d6680000,0x00000000d6680000)
  from space 1536K, 96% used [0x00000000d6880000,0x00000000d69f2ec0,0x00000000d6a00000)
  to   space 2048K, 0% used [0x00000000d6680000,0x00000000d6680000,0x00000000d6880000)
 ParOldGen       total 129536K, used 2456K [0x0000000081200000, 0x0000000089080000, 0x00000000d5b80000)
  object space 129536K, 1% used [0x0000000081200000,0x00000000814663f0,0x0000000089080000)
 Metaspace       used 11578K, capacity 11718K, committed 11776K, reserved 1058816K
  class space    used 1482K, capacity 1534K, committed 1536K, reserved 1048576K
Event: 1.059 GC heap after
Heap after GC invocations=11 (full 0):
 PSYoungGen      total 13312K, used 979K [0x00000000d5b80000, 0x00000000d7180000, 0x0000000100000000)
  eden space 11264K, 0% used [0x00000000d5b80000,0x00000000d5b80000,0x00000000d6680000)
  from space 2048K, 47% used [0x00000000d6680000,0x00000000d6774eb0,0x00000000d6880000)
  to   space 2048K, 0% used [0x00000000d6f80000,0x00000000d6f80000,0x00000000d7180000)
 ParOldGen       total 129536K, used 3209K [0x0000000081200000, 0x0000000089080000, 0x00000000d5b80000)
  object space 129536K, 2% used [0x0000000081200000,0x0000000081522798,0x0000000089080000)
 Metaspace       used 11578K, capacity 11718K, committed 11776K, reserved 1058816K
  class space    used 1482K, capacity 1534K, committed 1536K, reserved 1048576K
}
Event: 1.658 GC heap before
{Heap before GC invocations=12 (full 0):
 PSYoungGen      total 13312K, used 12243K [0x00000000d5b80000, 0x00000000d7180000, 0x0000000100000000)
  eden space 11264K, 100% used [0x00000000d5b80000,0x00000000d6680000,0x00000000d6680000)
  from space 2048K, 47% used [0x00000000d6680000,0x00000000d6774eb0,0x00000000d6880000)
  to   space 2048K, 0% used [0x00000000d6f80000,0x00000000d6f80000,0x00000000d7180000)
 ParOldGen       total 129536K, used 3209K [0x0000000081200000, 0x0000000089080000, 0x00000000d5b80000)
  object space 129536K, 2% used [0x0000000081200000,0x0000000081522798,0x0000000089080000)
 Metaspace       used 14585K, capacity 14732K, committed 14976K, reserved 1062912K
  class space    used 1871K, capacity 1920K, committed 1920K, reserved 1048576K
Event: 1.662 GC heap after
Heap after GC invocations=12 (full 0):
 PSYoungGen      total 20480K, used 1320K [0x00000000d5b80000, 0x00000000d7180000, 0x0000000100000000)
  eden space 18432K, 0% used [0x00000000d5b80000,0x00000000d5b80000,0x00000000d6d80000)
  from space 2048K, 64% used [0x00000000d6f80000,0x00000000d70ca3d8,0x00000000d7180000)
  to   space 2048K, 0% used [0x00000000d6d80000,0x00000000d6d80000,0x00000000d6f80000)
 ParOldGen       total 129536K, used 3617K [0x0000000081200000, 0x0000000089080000, 0x00000000d5b80000)
  object space 129536K, 2% used [0x0000000081200000,0x00000000815887a8,0x0000000089080000)
 Metaspace       used 14585K, capacity 14732K, committed 14976K, reserved 1062912K
  class space    used 1871K, capacity 1920K, committed 1920K, reserved 1048576K
}

