# JRE version: Java(TM) SE Runtime Environment (8.0_05-b13) (build 1.8.0_05-b13)
# Java VM: Java HotSpot(TM) 64-Bit Server VM (25.5-b02 mixed mode windows-amd64 compressed oops)
Heap:
 PSYoungGen      total 20992K, used 8134K [0x00000000d5b80000, 0x00000000d7200000, 0x0000000100000000)
  eden space 18944K, 35% used [0x00000000d5b80000,0x00000000d621f3e8,0x00000000d6e00000)
  from space 2048K, 66% used [0x00000000d7000000,0x00000000d7152518,0x00000000d7200000)
  to   space 2048K, 0% used [0x00000000d6e00000,0x00000000d6e00000,0x00000000d7000000)
 ParOldGen       total 129536K, used 3626K [0x0000000081200000, 0x0000000089080000, 0x00000000d5b80000)
  object space 129536K, 2% used [0x0000000081200000,0x000000008158ab40,0x0000000089080000)
 Metaspace       used 15469K, capacity 15626K, committed 16000K, reserved 1062912K
  class space    used 1981K, capacity 2050K, committed 2176K, reserved 1048576K
GC Heap History (10 events):
Event: 0.499 GC heap before
{Heap before GC invocations=8 (full 0):
 PSYoungGen      total 5120K, used 4480K [0x00000000d5b80000, 0x00000000d6580000, 0x0000000100000000)
  eden space 3584K, 100% used [0x00000000d5b80000,0x00000000d5f00000,0x00000000d5f00000)
  from space 1536K, 58% used [0x00000000d5f00000,0x00000000d5fe0000,0x00000000d6080000)
  to   space 1536K, 0% used [0x00000000d6400000,0x00000000d6400000,0x00000000d6580000)
 ParOldGen       total 129536K, used 1261K [0x0000000081200000, 0x0000000089080000, 0x00000000d5b80000)
  object space 129536K, 0% used [0x0000000081200000,0x000000008133b648,0x0000000089080000)
 Metaspace       used 7591K, capacity 7734K, committed 7936K, reserved 1056768K
  class space    used 897K, capacity 955K, committed 1024K, reserved 1048576K
Event: 0.501 GC heap after
Heap after GC invocations=8 (full 0):
 PSYoungGen      total 8704K, used 1233K [0x00000000d5b80000, 0x00000000d6580000, 0x0000000100000000)
  eden space 7168K, 0% used [0x00000000d5b80000,0x00000000d5b80000,0x00000000d6280000)
  from space 1536K, 80% used [0x00000000d6400000,0x00000000d6534758,0x00000000d6580000)
  to   space 1536K, 0% used [0x00000000d6280000,0x00000000d6280000,0x00000000d6400000)
 ParOldGen       total 129536K, used 1421K [0x0000000081200000, 0x0000000089080000, 0x00000000d5b80000)
  object space 129536K, 1% used [0x0000000081200000,0x0000000081363648,0x0000000089080000)
 Metaspace       used 7591K, capacity 7734K, committed 7936K, reserved 1056768K
  class space    used 897K, capacity 955K, committed 1024K, reserved 1048576K
}
Event: 0.574 GC heap before
{Heap before GC invocations=9 (full 0):
 PSYoungGen      total 8704K, used 8401K [0x00000000d5b80000, 0x00000000d6580000, 0x0000000100000000)
  eden space 7168K, 100% used [0x00000000d5b80000,0x00000000d6280000,0x00000000d6280000)
  from space 1536K, 80% used [0x00000000d6400000,0x00000000d6534758,0x00000000d6580000)
  to   space 1536K, 0% used [0x00000000d6280000,0x00000000d6280000,0x00000000d6400000)
 ParOldGen       total 129536K, used 1421K [0x0000000081200000, 0x0000000089080000, 0x00000000d5b80000)
  object space 129536K, 1% used [0x0000000081200000,0x0000000081363648,0x0000000089080000)
 Metaspace       used 8511K, capacity 8598K, committed 8832K, reserved 1056768K
  class space    used 1056K, capacity 1115K, committed 1152K, reserved 1048576K
Event: 0.576 GC heap after
Heap after GC invocations=9 (full 0):
 PSYoungGen      total 8704K, used 1525K [0x00000000d5b80000, 0x00000000d6b00000, 0x0000000100000000)
  eden space 7168K, 0% used [0x00000000d5b80000,0x00000000d5b80000,0x00000000d6280000)
  from space 1536K, 99% used [0x00000000d6280000,0x00000000d63fd530,0x00000000d6400000)
  to   space 2048K, 0% used [0x00000000d6900000,0x00000000d6900000,0x00000000d6b00000)
 ParOldGen       total 129536K, used 1737K [0x0000000081200000, 0x0000000089080000, 0x00000000d5b80000)
  object space 129536K, 1% used [0x0000000081200000,0x00000000813b2470,0x0000000089080000)
 Metaspace       used 8511K, capacity 8598K, committed 8832K, reserved 1056768K
  class space    used 1056K, capacity 1115K, committed 1152K, reserved 1048576K
}
Event: 0.873 GC heap before
{Heap before GC invocations=10 (full 0):
 PSYoungGen      total 8704K, used 8693K [0x00000000d5b80000, 0x00000000d6b00000, 0x0000000100000000)
  eden space 7168K, 100% used [0x00000000d5b80000,0x00000000d6280000,0x00000000d6280000)
  from space 1536K, 99% used [0x00000000d6280000,0x00000000d63fd530,0x00000000d6400000)
  to   space 2048K, 0% used [0x00000000d6900000,0x00000000d6900000,0x00000000d6b00000)
 ParOldGen       total 129536K, used 1737K [0x0000000081200000, 0x0000000089080000, 0x00000000d5b80000)
  object space 129536K, 1% used [0x0000000081200000,0x00000000813b2470,0x0000000089080000)
 Metaspace       used 9974K, capacity 10134K, committed 10368K, reserved 1058816K
  class space    used 1238K, capacity 1307K, committed 1408K, reserved 1048576K
Event: 0.876 GC heap after
Heap after GC invocations=10 (full 0):
 PSYoungGen      total 13824K, used 1499K [0x00000000d5b80000, 0x00000000d6b00000, 0x0000000100000000)
  eden space 11776K, 0% used [0x00000000d5b80000,0x00000000d5b80000,0x00000000d6700000)
  from space 2048K, 73% used [0x00000000d6900000,0x00000000d6a76ed0,0x00000000d6b00000)
  to   space 2048K, 0% used [0x00000000d6700000,0x00000000d6700000,0x00000000d6900000)
 ParOldGen       total 129536K, used 2474K [0x0000000081200000, 0x0000000089080000, 0x00000000d5b80000)
  object space 129536K, 1% used [0x0000000081200000,0x000000008146aac0,0x0000000089080000)
 Metaspace       used 9974K, capacity 10134K, committed 10368K, reserved 1058816K
  class space    used 1238K, capacity 1307K, committed 1408K, reserved 1048576K
}
Event: 0.998 GC heap before
{Heap before GC invocations=11 (full 0):
 PSYoungGen      total 13824K, used 13275K [0x00000000d5b80000, 0x00000000d6b00000, 0x0000000100000000)
  eden space 11776K, 100% used [0x00000000d5b80000,0x00000000d6700000,0x00000000d6700000)
  from space 2048K, 73% used [0x00000000d6900000,0x00000000d6a76ed0,0x00000000d6b00000)
  to   space 2048K, 0% used [0x00000000d6700000,0x00000000d6700000,0x00000000d6900000)
 ParOldGen       total 129536K, used 2474K [0x0000000081200000, 0x0000000089080000, 0x00000000d5b80000)
  object space 129536K, 1% used [0x0000000081200000,0x000000008146aac0,0x0000000089080000)
 Metaspace       used 11581K, capacity 11778K, committed 12032K, reserved 1060864K
  class space    used 1482K, capacity 1534K, committed 1536K, reserved 1048576K
Event: 1.000 GC heap after
Heap after GC invocations=11 (full 0):
 PSYoungGen      total 13824K, used 1043K [0x00000000d5b80000, 0x00000000d7200000, 0x0000000100000000)
  eden space 11776K, 0% used [0x00000000d5b80000,0x00000000d5b80000,0x00000000d6700000)
  from space 2048K, 50% used [0x00000000d6700000,0x00000000d6804eb0,0x00000000d6900000)
  to   space 2048K, 0% used [0x00000000d7000000,0x00000000d7000000,0x00000000d7200000)
 ParOldGen       total 129536K, used 3218K [0x0000000081200000, 0x0000000089080000, 0x00000000d5b80000)
  object space 129536K, 2% used [0x0000000081200000,0x0000000081524b30,0x0000000089080000)
 Metaspace       used 11581K, capacity 11778K, committed 12032K, reserved 1060864K
  class space    used 1482K, capacity 1534K, committed 1536K, reserved 1048576K
}
Event: 1.260 GC heap before
{Heap before GC invocations=12 (full 0):
 PSYoungGen      total 13824K, used 12819K [0x00000000d5b80000, 0x00000000d7200000, 0x0000000100000000)
  eden space 11776K, 100% used [0x00000000d5b80000,0x00000000d6700000,0x00000000d6700000)
  from space 2048K, 50% used [0x00000000d6700000,0x00000000d6804eb0,0x00000000d6900000)
  to   space 2048K, 0% used [0x00000000d7000000,0x00000000d7000000,0x00000000d7200000)
 ParOldGen       total 129536K, used 3218K [0x0000000081200000, 0x0000000089080000, 0x00000000d5b80000)
  object space 129536K, 2% used [0x0000000081200000,0x0000000081524b30,0x0000000089080000)
 Metaspace       used 14657K, capacity 14824K, committed 15104K, reserved 1062912K
  class space    used 1881K, capacity 1952K, committed 2048K, reserved 1048576K
Event: 1.263 GC heap after
Heap after GC invocations=12 (full 0):
 PSYoungGen      total 20992K, used 1353K [0x00000000d5b80000, 0x00000000d7200000, 0x0000000100000000)
  eden space 18944K, 0% used [0x00000000d5b80000,0x00000000d5b80000,0x00000000d6e00000)
  from space 2048K, 66% used [0x00000000d7000000,0x00000000d7152518,0x00000000d7200000)
  to   space 2048K, 0% used [0x00000000d6e00000,0x00000000d6e00000,0x00000000d7000000)
 ParOldGen       total 129536K, used 3626K [0x0000000081200000, 0x0000000089080000, 0x00000000d5b80000)
  object space 129536K, 2% used [0x0000000081200000,0x000000008158ab40,0x0000000089080000)
 Metaspace       used 14657K, capacity 14824K, committed 15104K, reserved 1062912K
  class space    used 1881K, capacity 1952K, committed 2048K, reserved 1048576K
}

