# JRE version: Java(TM) SE Runtime Environment (8.0_05-b13) (build 1.8.0_05-b13)
# Java VM: Java HotSpot(TM) 64-Bit Server VM (25.5-b02 mixed mode windows-amd64 compressed oops)
Heap:
 PSYoungGen      total 17920K, used 10890K [0x00000000d5b80000, 0x00000000d6e80000, 0x0000000100000000)
  eden space 16384K, 59% used [0x00000000d5b80000,0x00000000d64fe928,0x00000000d6b80000)
  from space 1536K, 76% used [0x00000000d6d00000,0x00000000d6e24010,0x00000000d6e80000)
  to   space 1536K, 0% used [0x00000000d6b80000,0x00000000d6b80000,0x00000000d6d00000)
 ParOldGen       total 129536K, used 3627K [0x0000000081200000, 0x0000000089080000, 0x00000000d5b80000)
  object space 129536K, 2% used [0x0000000081200000,0x000000008158aca0,0x0000000089080000)
 Metaspace       used 15458K, capacity 15634K, committed 16000K, reserved 1062912K
  class space    used 1975K, capacity 2050K, committed 2176K, reserved 1048576K
GC Heap History (10 events):
Event: 0.503 GC heap before
{Heap before GC invocations=10 (full 0):
 PSYoungGen      total 5120K, used 4832K [0x00000000d5b80000, 0x00000000d6400000, 0x0000000100000000)
  eden space 4096K, 100% used [0x00000000d5b80000,0x00000000d5f80000,0x00000000d5f80000)
  from space 1024K, 71% used [0x00000000d5f80000,0x00000000d6038000,0x00000000d6080000)
  to   space 1024K, 0% used [0x00000000d6300000,0x00000000d6300000,0x00000000d6400000)
 ParOldGen       total 129536K, used 1336K [0x0000000081200000, 0x0000000089080000, 0x00000000d5b80000)
  object space 129536K, 1% used [0x0000000081200000,0x000000008134e0c0,0x0000000089080000)
 Metaspace       used 8287K, capacity 8446K, committed 8576K, reserved 1056768K
  class space    used 1018K, capacity 1083K, committed 1152K, reserved 1048576K
Event: 0.505 GC heap after
Heap after GC invocations=10 (full 0):
 PSYoungGen      total 7168K, used 1024K [0x00000000d5b80000, 0x00000000d6500000, 0x0000000100000000)
  eden space 6144K, 0% used [0x00000000d5b80000,0x00000000d5b80000,0x00000000d6180000)
  from space 1024K, 100% used [0x00000000d6300000,0x00000000d6400000,0x00000000d6400000)
  to   space 1536K, 0% used [0x00000000d6180000,0x00000000d6180000,0x00000000d6300000)
 ParOldGen       total 129536K, used 1759K [0x0000000081200000, 0x0000000089080000, 0x00000000d5b80000)
  object space 129536K, 1% used [0x0000000081200000,0x00000000813b7f60,0x0000000089080000)
 Metaspace       used 8287K, capacity 8446K, committed 8576K, reserved 1056768K
  class space    used 1018K, capacity 1083K, committed 1152K, reserved 1048576K
}
Event: 0.563 GC heap before
{Heap before GC invocations=11 (full 0):
 PSYoungGen      total 7168K, used 7168K [0x00000000d5b80000, 0x00000000d6500000, 0x0000000100000000)
  eden space 6144K, 100% used [0x00000000d5b80000,0x00000000d6180000,0x00000000d6180000)
  from space 1024K, 100% used [0x00000000d6300000,0x00000000d6400000,0x00000000d6400000)
  to   space 1536K, 0% used [0x00000000d6180000,0x00000000d6180000,0x00000000d6300000)
 ParOldGen       total 129536K, used 1759K [0x0000000081200000, 0x0000000089080000, 0x00000000d5b80000)
  object space 129536K, 1% used [0x0000000081200000,0x00000000813b7f60,0x0000000089080000)
 Metaspace       used 8836K, capacity 8926K, committed 9088K, reserved 1056768K
  class space    used 1096K, capacity 1115K, committed 1152K, reserved 1048576K
Event: 0.565 GC heap after
Heap after GC invocations=11 (full 0):
 PSYoungGen      total 7680K, used 768K [0x00000000d5b80000, 0x00000000d6880000, 0x0000000100000000)
  eden space 6144K, 0% used [0x00000000d5b80000,0x00000000d5b80000,0x00000000d6180000)
  from space 1536K, 50% used [0x00000000d6180000,0x00000000d6240000,0x00000000d6300000)
  to   space 1536K, 0% used [0x00000000d6700000,0x00000000d6700000,0x00000000d6880000)
 ParOldGen       total 129536K, used 2682K [0x0000000081200000, 0x0000000089080000, 0x00000000d5b80000)
  object space 129536K, 2% used [0x0000000081200000,0x000000008149e8e8,0x0000000089080000)
 Metaspace       used 8836K, capacity 8926K, committed 9088K, reserved 1056768K
  class space    used 1096K, capacity 1115K, committed 1152K, reserved 1048576K
}
Event: 0.819 GC heap before
{Heap before GC invocations=12 (full 0):
 PSYoungGen      total 7680K, used 6912K [0x00000000d5b80000, 0x00000000d6880000, 0x0000000100000000)
  eden space 6144K, 100% used [0x00000000d5b80000,0x00000000d6180000,0x00000000d6180000)
  from space 1536K, 50% used [0x00000000d6180000,0x00000000d6240000,0x00000000d6300000)
  to   space 1536K, 0% used [0x00000000d6700000,0x00000000d6700000,0x00000000d6880000)
 ParOldGen       total 129536K, used 2682K [0x0000000081200000, 0x0000000089080000, 0x00000000d5b80000)
  object space 129536K, 2% used [0x0000000081200000,0x000000008149e8e8,0x0000000089080000)
 Metaspace       used 9973K, capacity 10142K, committed 10368K, reserved 1058816K
  class space    used 1236K, capacity 1307K, committed 1408K, reserved 1048576K
Event: 0.820 GC heap after
Heap after GC invocations=12 (full 0):
 PSYoungGen      total 11776K, used 923K [0x00000000d5b80000, 0x00000000d6880000, 0x0000000100000000)
  eden space 10240K, 0% used [0x00000000d5b80000,0x00000000d5b80000,0x00000000d6580000)
  from space 1536K, 60% used [0x00000000d6700000,0x00000000d67e6cf8,0x00000000d6880000)
  to   space 1536K, 0% used [0x00000000d6580000,0x00000000d6580000,0x00000000d6700000)
 ParOldGen       total 129536K, used 2918K [0x0000000081200000, 0x0000000089080000, 0x00000000d5b80000)
  object space 129536K, 2% used [0x0000000081200000,0x00000000814d9938,0x0000000089080000)
 Metaspace       used 9973K, capacity 10142K, committed 10368K, reserved 1058816K
  class space    used 1236K, capacity 1307K, committed 1408K, reserved 1048576K
}
Event: 0.921 GC heap before
{Heap before GC invocations=13 (full 0):
 PSYoungGen      total 11776K, used 11163K [0x00000000d5b80000, 0x00000000d6880000, 0x0000000100000000)
  eden space 10240K, 100% used [0x00000000d5b80000,0x00000000d6580000,0x00000000d6580000)
  from space 1536K, 60% used [0x00000000d6700000,0x00000000d67e6cf8,0x00000000d6880000)
  to   space 1536K, 0% used [0x00000000d6580000,0x00000000d6580000,0x00000000d6700000)
 ParOldGen       total 129536K, used 2918K [0x0000000081200000, 0x0000000089080000, 0x00000000d5b80000)
  object space 129536K, 2% used [0x0000000081200000,0x00000000814d9938,0x0000000089080000)
 Metaspace       used 11489K, capacity 11658K, committed 11776K, reserved 1058816K
  class space    used 1473K, capacity 1534K, committed 1536K, reserved 1048576K
Event: 0.923 GC heap after
Heap after GC invocations=13 (full 0):
 PSYoungGen      total 11776K, used 896K [0x00000000d5b80000, 0x00000000d6e80000, 0x0000000100000000)
  eden space 10240K, 0% used [0x00000000d5b80000,0x00000000d5b80000,0x00000000d6580000)
  from space 1536K, 58% used [0x00000000d6580000,0x00000000d6660000,0x00000000d6700000)
  to   space 1536K, 0% used [0x00000000d6d00000,0x00000000d6d00000,0x00000000d6e80000)
 ParOldGen       total 129536K, used 3267K [0x0000000081200000, 0x0000000089080000, 0x00000000d5b80000)
  object space 129536K, 2% used [0x0000000081200000,0x0000000081530c90,0x0000000089080000)
 Metaspace       used 11489K, capacity 11658K, committed 11776K, reserved 1058816K
  class space    used 1473K, capacity 1534K, committed 1536K, reserved 1048576K
}
Event: 1.114 GC heap before
{Heap before GC invocations=14 (full 0):
 PSYoungGen      total 11776K, used 11136K [0x00000000d5b80000, 0x00000000d6e80000, 0x0000000100000000)
  eden space 10240K, 100% used [0x00000000d5b80000,0x00000000d6580000,0x00000000d6580000)
  from space 1536K, 58% used [0x00000000d6580000,0x00000000d6660000,0x00000000d6700000)
  to   space 1536K, 0% used [0x00000000d6d00000,0x00000000d6d00000,0x00000000d6e80000)
 ParOldGen       total 129536K, used 3267K [0x0000000081200000, 0x0000000089080000, 0x00000000d5b80000)
  object space 129536K, 2% used [0x0000000081200000,0x0000000081530c90,0x0000000089080000)
 Metaspace       used 14399K, capacity 14512K, committed 14720K, reserved 1062912K
  class space    used 1840K, capacity 1888K, committed 1920K, reserved 1048576K
Event: 1.116 GC heap after
Heap after GC invocations=14 (full 0):
 PSYoungGen      total 17920K, used 1168K [0x00000000d5b80000, 0x00000000d6e80000, 0x0000000100000000)
  eden space 16384K, 0% used [0x00000000d5b80000,0x00000000d5b80000,0x00000000d6b80000)
  from space 1536K, 76% used [0x00000000d6d00000,0x00000000d6e24010,0x00000000d6e80000)
  to   space 1536K, 0% used [0x00000000d6b80000,0x00000000d6b80000,0x00000000d6d00000)
 ParOldGen       total 129536K, used 3627K [0x0000000081200000, 0x0000000089080000, 0x00000000d5b80000)
  object space 129536K, 2% used [0x0000000081200000,0x000000008158aca0,0x0000000089080000)
 Metaspace       used 14399K, capacity 14512K, committed 14720K, reserved 1062912K
  class space    used 1840K, capacity 1888K, committed 1920K, reserved 1048576K
}

