# JRE version: Java(TM) SE Runtime Environment (8.0_05-b13) (build 1.8.0_05-b13)
# Java VM: Java HotSpot(TM) 64-Bit Server VM (25.5-b02 mixed mode windows-amd64 compressed oops)
Heap:
 PSYoungGen      total 7168K, used 6202K [0x00000000d5b80000, 0x00000000d6700000, 0x0000000100000000)
  eden space 6144K, 90% used [0x00000000d5b80000,0x00000000d60e9b30,0x00000000d6180000)
  from space 1024K, 64% used [0x00000000d6600000,0x00000000d66a4eb0,0x00000000d6700000)
  to   space 1536K, 0% used [0x00000000d6400000,0x00000000d6400000,0x00000000d6580000)
 ParOldGen       total 129536K, used 3440K [0x0000000081200000, 0x0000000089080000, 0x00000000d5b80000)
  object space 129536K, 2% used [0x0000000081200000,0x000000008155c2e8,0x0000000089080000)
 Metaspace       used 12387K, capacity 12486K, committed 12672K, reserved 1060864K
  class space    used 1579K, capacity 1598K, committed 1664K, reserved 1048576K
GC Heap History (10 events):
Event: 1.917 GC heap before
{Heap before GC invocations=10 (full 0):
 PSYoungGen      total 5120K, used 4896K [0x00000000d5b80000, 0x00000000d6400000, 0x0000000100000000)
  eden space 4096K, 100% used [0x00000000d5b80000,0x00000000d5f80000,0x00000000d5f80000)
  from space 1024K, 78% used [0x00000000d5f80000,0x00000000d6048000,0x00000000d6080000)
  to   space 1024K, 0% used [0x00000000d6300000,0x00000000d6300000,0x00000000d6400000)
 ParOldGen       total 129536K, used 1344K [0x0000000081200000, 0x0000000089080000, 0x00000000d5b80000)
  object space 129536K, 1% used [0x0000000081200000,0x00000000813500c0,0x0000000089080000)
 Metaspace       used 8289K, capacity 8442K, committed 8576K, reserved 1056768K
  class space    used 1020K, capacity 1083K, committed 1152K, reserved 1048576K
Event: 1.919 GC heap after
Heap after GC invocations=10 (full 0):
 PSYoungGen      total 7168K, used 1024K [0x00000000d5b80000, 0x00000000d6500000, 0x0000000100000000)
  eden space 6144K, 0% used [0x00000000d5b80000,0x00000000d5b80000,0x00000000d6180000)
  from space 1024K, 100% used [0x00000000d6300000,0x00000000d6400000,0x00000000d6400000)
  to   space 1536K, 0% used [0x00000000d6180000,0x00000000d6180000,0x00000000d6300000)
 ParOldGen       total 129536K, used 1782K [0x0000000081200000, 0x0000000089080000, 0x00000000d5b80000)
  object space 129536K, 1% used [0x0000000081200000,0x00000000813bd8f0,0x0000000089080000)
 Metaspace       used 8289K, capacity 8442K, committed 8576K, reserved 1056768K
  class space    used 1020K, capacity 1083K, committed 1152K, reserved 1048576K
}
Event: 2.226 GC heap before
{Heap before GC invocations=11 (full 0):
 PSYoungGen      total 7168K, used 7168K [0x00000000d5b80000, 0x00000000d6500000, 0x0000000100000000)
  eden space 6144K, 100% used [0x00000000d5b80000,0x00000000d6180000,0x00000000d6180000)
  from space 1024K, 100% used [0x00000000d6300000,0x00000000d6400000,0x00000000d6400000)
  to   space 1536K, 0% used [0x00000000d6180000,0x00000000d6180000,0x00000000d6300000)
 ParOldGen       total 129536K, used 1782K [0x0000000081200000, 0x0000000089080000, 0x00000000d5b80000)
  object space 129536K, 1% used [0x0000000081200000,0x00000000813bd8f0,0x0000000089080000)
 Metaspace       used 8828K, capacity 8922K, committed 9088K, reserved 1056768K
  class space    used 1098K, capacity 1115K, committed 1152K, reserved 1048576K
Event: 2.228 GC heap after
Heap after GC invocations=11 (full 0):
 PSYoungGen      total 7680K, used 752K [0x00000000d5b80000, 0x00000000d6880000, 0x0000000100000000)
  eden space 6144K, 0% used [0x00000000d5b80000,0x00000000d5b80000,0x00000000d6180000)
  from space 1536K, 48% used [0x00000000d6180000,0x00000000d623c010,0x00000000d6300000)
  to   space 1536K, 0% used [0x00000000d6700000,0x00000000d6700000,0x00000000d6880000)
 ParOldGen       total 129536K, used 2707K [0x0000000081200000, 0x0000000089080000, 0x00000000d5b80000)
  object space 129536K, 2% used [0x0000000081200000,0x00000000814a4f50,0x0000000089080000)
 Metaspace       used 8828K, capacity 8922K, committed 9088K, reserved 1056768K
  class space    used 1098K, capacity 1115K, committed 1152K, reserved 1048576K
}
Event: 3.077 GC heap before
{Heap before GC invocations=12 (full 0):
 PSYoungGen      total 7680K, used 6896K [0x00000000d5b80000, 0x00000000d6880000, 0x0000000100000000)
  eden space 6144K, 100% used [0x00000000d5b80000,0x00000000d6180000,0x00000000d6180000)
  from space 1536K, 48% used [0x00000000d6180000,0x00000000d623c010,0x00000000d6300000)
  to   space 1536K, 0% used [0x00000000d6700000,0x00000000d6700000,0x00000000d6880000)
 ParOldGen       total 129536K, used 2707K [0x0000000081200000, 0x0000000089080000, 0x00000000d5b80000)
  object space 129536K, 2% used [0x0000000081200000,0x00000000814a4f50,0x0000000089080000)
 Metaspace       used 9982K, capacity 10138K, committed 10368K, reserved 1058816K
  class space    used 1240K, capacity 1307K, committed 1408K, reserved 1048576K
Event: 3.078 GC heap after
Heap after GC invocations=12 (full 0):
 PSYoungGen      total 7168K, used 961K [0x00000000d5b80000, 0x00000000d6800000, 0x0000000100000000)
  eden space 6144K, 0% used [0x00000000d5b80000,0x00000000d5b80000,0x00000000d6180000)
  from space 1024K, 93% used [0x00000000d6700000,0x00000000d67f0410,0x00000000d6800000)
  to   space 1536K, 0% used [0x00000000d6500000,0x00000000d6500000,0x00000000d6680000)
 ParOldGen       total 129536K, used 2947K [0x0000000081200000, 0x0000000089080000, 0x00000000d5b80000)
  object space 129536K, 2% used [0x0000000081200000,0x00000000814e0f90,0x0000000089080000)
 Metaspace       used 9982K, capacity 10138K, committed 10368K, reserved 1058816K
  class space    used 1240K, capacity 1307K, committed 1408K, reserved 1048576K
}
Event: 3.349 GC heap before
{Heap before GC invocations=13 (full 0):
 PSYoungGen      total 7168K, used 7105K [0x00000000d5b80000, 0x00000000d6800000, 0x0000000100000000)
  eden space 6144K, 100% used [0x00000000d5b80000,0x00000000d6180000,0x00000000d6180000)
  from space 1024K, 93% used [0x00000000d6700000,0x00000000d67f0410,0x00000000d6800000)
  to   space 1536K, 0% used [0x00000000d6500000,0x00000000d6500000,0x00000000d6680000)
 ParOldGen       total 129536K, used 2947K [0x0000000081200000, 0x0000000089080000, 0x00000000d5b80000)
  object space 129536K, 2% used [0x0000000081200000,0x00000000814e0f90,0x0000000089080000)
 Metaspace       used 10391K, capacity 10528K, committed 10624K, reserved 1058816K
  class space    used 1324K, capacity 1372K, committed 1408K, reserved 1048576K
Event: 3.351 GC heap after
Heap after GC invocations=13 (full 0):
 PSYoungGen      total 7168K, used 544K [0x00000000d5b80000, 0x00000000d6780000, 0x0000000100000000)
  eden space 6144K, 0% used [0x00000000d5b80000,0x00000000d5b80000,0x00000000d6180000)
  from space 1024K, 53% used [0x00000000d6500000,0x00000000d6588000,0x00000000d6600000)
  to   space 1536K, 0% used [0x00000000d6600000,0x00000000d6600000,0x00000000d6780000)
 ParOldGen       total 129536K, used 3304K [0x0000000081200000, 0x0000000089080000, 0x00000000d5b80000)
  object space 129536K, 2% used [0x0000000081200000,0x000000008153a2e8,0x0000000089080000)
 Metaspace       used 10391K, capacity 10528K, committed 10624K, reserved 1058816K
  class space    used 1324K, capacity 1372K, committed 1408K, reserved 1048576K
}
Event: 4.094 GC heap before
{Heap before GC invocations=14 (full 0):
 PSYoungGen      total 7168K, used 6688K [0x00000000d5b80000, 0x00000000d6780000, 0x0000000100000000)
  eden space 6144K, 100% used [0x00000000d5b80000,0x00000000d6180000,0x00000000d6180000)
  from space 1024K, 53% used [0x00000000d6500000,0x00000000d6588000,0x00000000d6600000)
  to   space 1536K, 0% used [0x00000000d6600000,0x00000000d6600000,0x00000000d6780000)
 ParOldGen       total 129536K, used 3304K [0x0000000081200000, 0x0000000089080000, 0x00000000d5b80000)
  object space 129536K, 2% used [0x0000000081200000,0x000000008153a2e8,0x0000000089080000)
 Metaspace       used 11630K, capacity 11782K, committed 12032K, reserved 1060864K
  class space    used 1492K, capacity 1534K, committed 1536K, reserved 1048576K
Event: 4.096 GC heap after
Heap after GC invocations=14 (full 0):
 PSYoungGen      total 7168K, used 659K [0x00000000d5b80000, 0x00000000d6700000, 0x0000000100000000)
  eden space 6144K, 0% used [0x00000000d5b80000,0x00000000d5b80000,0x00000000d6180000)
  from space 1024K, 64% used [0x00000000d6600000,0x00000000d66a4eb0,0x00000000d6700000)
  to   space 1536K, 0% used [0x00000000d6400000,0x00000000d6400000,0x00000000d6580000)
 ParOldGen       total 129536K, used 3440K [0x0000000081200000, 0x0000000089080000, 0x00000000d5b80000)
  object space 129536K, 2% used [0x0000000081200000,0x000000008155c2e8,0x0000000089080000)
 Metaspace       used 11630K, capacity 11782K, committed 12032K, reserved 1060864K
  class space    used 1492K, capacity 1534K, committed 1536K, reserved 1048576K
}

