# JRE version: Java(TM) SE Runtime Environment (8.0_05-b13) (build 1.8.0_05-b13)
# Java VM: Java HotSpot(TM) 64-Bit Server VM (25.5-b02 mixed mode windows-amd64 compressed oops)
Heap:
 PSYoungGen      total 20992K, used 7940K [0x00000000d5b80000, 0x00000000d7200000, 0x0000000100000000)
  eden space 18944K, 34% used [0x00000000d5b80000,0x00000000d61f86b0,0x00000000d6e00000)
  from space 2048K, 64% used [0x00000000d7000000,0x00000000d7148c38,0x00000000d7200000)
  to   space 2048K, 0% used [0x00000000d6e00000,0x00000000d6e00000,0x00000000d7000000)
 ParOldGen       total 129536K, used 3719K [0x0000000081200000, 0x0000000089080000, 0x00000000d5b80000)
  object space 129536K, 2% used [0x0000000081200000,0x00000000815a1f70,0x0000000089080000)
 Metaspace       used 15471K, capacity 15630K, committed 16000K, reserved 1062912K
  class space    used 1981K, capacity 2050K, committed 2176K, reserved 1048576K
GC Heap History (10 events):
Event: 0.503 GC heap before
{Heap before GC invocations=8 (full 0):
 PSYoungGen      total 5120K, used 4480K [0x00000000d5b80000, 0x00000000d6580000, 0x0000000100000000)
  eden space 3584K, 100% used [0x00000000d5b80000,0x00000000d5f00000,0x00000000d5f00000)
  from space 1536K, 58% used [0x00000000d5f00000,0x00000000d5fe0000,0x00000000d6080000)
  to   space 1536K, 0% used [0x00000000d6400000,0x00000000d6400000,0x00000000d6580000)
 ParOldGen       total 129536K, used 1252K [0x0000000081200000, 0x0000000089080000, 0x00000000d5b80000)
  object space 129536K, 0% used [0x0000000081200000,0x00000000813393f8,0x0000000089080000)
 Metaspace       used 7562K, capacity 7674K, committed 7936K, reserved 1056768K
  class space    used 894K, capacity 955K, committed 1024K, reserved 1048576K
Event: 0.505 GC heap after
Heap after GC invocations=8 (full 0):
 PSYoungGen      total 8704K, used 1216K [0x00000000d5b80000, 0x00000000d6580000, 0x0000000100000000)
  eden space 7168K, 0% used [0x00000000d5b80000,0x00000000d5b80000,0x00000000d6280000)
  from space 1536K, 79% used [0x00000000d6400000,0x00000000d6530000,0x00000000d6580000)
  to   space 1536K, 0% used [0x00000000d6280000,0x00000000d6280000,0x00000000d6400000)
 ParOldGen       total 129536K, used 1468K [0x0000000081200000, 0x0000000089080000, 0x00000000d5b80000)
  object space 129536K, 1% used [0x0000000081200000,0x000000008136f3f8,0x0000000089080000)
 Metaspace       used 7562K, capacity 7674K, committed 7936K, reserved 1056768K
  class space    used 894K, capacity 955K, committed 1024K, reserved 1048576K
}
Event: 0.576 GC heap before
{Heap before GC invocations=9 (full 0):
 PSYoungGen      total 8704K, used 8384K [0x00000000d5b80000, 0x00000000d6580000, 0x0000000100000000)
  eden space 7168K, 100% used [0x00000000d5b80000,0x00000000d6280000,0x00000000d6280000)
  from space 1536K, 79% used [0x00000000d6400000,0x00000000d6530000,0x00000000d6580000)
  to   space 1536K, 0% used [0x00000000d6280000,0x00000000d6280000,0x00000000d6400000)
 ParOldGen       total 129536K, used 1468K [0x0000000081200000, 0x0000000089080000, 0x00000000d5b80000)
  object space 129536K, 1% used [0x0000000081200000,0x000000008136f3f8,0x0000000089080000)
 Metaspace       used 8514K, capacity 8602K, committed 8832K, reserved 1056768K
  class space    used 1057K, capacity 1115K, committed 1152K, reserved 1048576K
Event: 0.578 GC heap after
Heap after GC invocations=9 (full 0):
 PSYoungGen      total 8704K, used 1527K [0x00000000d5b80000, 0x00000000d6b00000, 0x0000000100000000)
  eden space 7168K, 0% used [0x00000000d5b80000,0x00000000d5b80000,0x00000000d6280000)
  from space 1536K, 99% used [0x00000000d6280000,0x00000000d63fdff8,0x00000000d6400000)
  to   space 2048K, 0% used [0x00000000d6900000,0x00000000d6900000,0x00000000d6b00000)
 ParOldGen       total 129536K, used 1769K [0x0000000081200000, 0x0000000089080000, 0x00000000d5b80000)
  object space 129536K, 1% used [0x0000000081200000,0x00000000813ba558,0x0000000089080000)
 Metaspace       used 8514K, capacity 8602K, committed 8832K, reserved 1056768K
  class space    used 1057K, capacity 1115K, committed 1152K, reserved 1048576K
}
Event: 0.881 GC heap before
{Heap before GC invocations=10 (full 0):
 PSYoungGen      total 8704K, used 8695K [0x00000000d5b80000, 0x00000000d6b00000, 0x0000000100000000)
  eden space 7168K, 100% used [0x00000000d5b80000,0x00000000d6280000,0x00000000d6280000)
  from space 1536K, 99% used [0x00000000d6280000,0x00000000d63fdff8,0x00000000d6400000)
  to   space 2048K, 0% used [0x00000000d6900000,0x00000000d6900000,0x00000000d6b00000)
 ParOldGen       total 129536K, used 1769K [0x0000000081200000, 0x0000000089080000, 0x00000000d5b80000)
  object space 129536K, 1% used [0x0000000081200000,0x00000000813ba558,0x0000000089080000)
 Metaspace       used 9971K, capacity 10138K, committed 10368K, reserved 1058816K
  class space    used 1240K, capacity 1307K, committed 1408K, reserved 1048576K
Event: 0.884 GC heap after
Heap after GC invocations=10 (full 0):
 PSYoungGen      total 13824K, used 1499K [0x00000000d5b80000, 0x00000000d6b00000, 0x0000000100000000)
  eden space 11776K, 0% used [0x00000000d5b80000,0x00000000d5b80000,0x00000000d6700000)
  from space 2048K, 73% used [0x00000000d6900000,0x00000000d6a76cf8,0x00000000d6b00000)
  to   space 2048K, 0% used [0x00000000d6700000,0x00000000d6700000,0x00000000d6900000)
 ParOldGen       total 129536K, used 2526K [0x0000000081200000, 0x0000000089080000, 0x00000000d5b80000)
  object space 129536K, 1% used [0x0000000081200000,0x0000000081477bb8,0x0000000089080000)
 Metaspace       used 9971K, capacity 10138K, committed 10368K, reserved 1058816K
  class space    used 1240K, capacity 1307K, committed 1408K, reserved 1048576K
}
Event: 1.005 GC heap before
{Heap before GC invocations=11 (full 0):
 PSYoungGen      total 13824K, used 13275K [0x00000000d5b80000, 0x00000000d6b00000, 0x0000000100000000)
  eden space 11776K, 100% used [0x00000000d5b80000,0x00000000d6700000,0x00000000d6700000)
  from space 2048K, 73% used [0x00000000d6900000,0x00000000d6a76cf8,0x00000000d6b00000)
  to   space 2048K, 0% used [0x00000000d6700000,0x00000000d6700000,0x00000000d6900000)
 ParOldGen       total 129536K, used 2526K [0x0000000081200000, 0x0000000089080000, 0x00000000d5b80000)
  object space 129536K, 1% used [0x0000000081200000,0x0000000081477bb8,0x0000000089080000)
 Metaspace       used 11579K, capacity 11782K, committed 12032K, reserved 1060864K
  class space    used 1483K, capacity 1534K, committed 1536K, reserved 1048576K
Event: 1.007 GC heap after
Heap after GC invocations=11 (full 0):
 PSYoungGen      total 13824K, used 1024K [0x00000000d5b80000, 0x00000000d7200000, 0x0000000100000000)
  eden space 11776K, 0% used [0x00000000d5b80000,0x00000000d5b80000,0x00000000d6700000)
  from space 2048K, 50% used [0x00000000d6700000,0x00000000d6800000,0x00000000d6900000)
  to   space 2048K, 0% used [0x00000000d7000000,0x00000000d7000000,0x00000000d7200000)
 ParOldGen       total 129536K, used 3295K [0x0000000081200000, 0x0000000089080000, 0x00000000d5b80000)
  object space 129536K, 2% used [0x0000000081200000,0x0000000081537f60,0x0000000089080000)
 Metaspace       used 11579K, capacity 11782K, committed 12032K, reserved 1060864K
  class space    used 1483K, capacity 1534K, committed 1536K, reserved 1048576K
}
Event: 1.200 GC heap before
{Heap before GC invocations=12 (full 0):
 PSYoungGen      total 13824K, used 12800K [0x00000000d5b80000, 0x00000000d7200000, 0x0000000100000000)
  eden space 11776K, 100% used [0x00000000d5b80000,0x00000000d6700000,0x00000000d6700000)
  from space 2048K, 50% used [0x00000000d6700000,0x00000000d6800000,0x00000000d6900000)
  to   space 2048K, 0% used [0x00000000d7000000,0x00000000d7000000,0x00000000d7200000)
 ParOldGen       total 129536K, used 3295K [0x0000000081200000, 0x0000000089080000, 0x00000000d5b80000)
  object space 129536K, 2% used [0x0000000081200000,0x0000000081537f60,0x0000000089080000)
 Metaspace       used 14662K, capacity 14828K, committed 15104K, reserved 1062912K
  class space    used 1882K, capacity 1952K, committed 2048K, reserved 1048576K
Event: 1.202 GC heap after
Heap after GC invocations=12 (full 0):
 PSYoungGen      total 20992K, used 1315K [0x00000000d5b80000, 0x00000000d7200000, 0x0000000100000000)
  eden space 18944K, 0% used [0x00000000d5b80000,0x00000000d5b80000,0x00000000d6e00000)
  from space 2048K, 64% used [0x00000000d7000000,0x00000000d7148c38,0x00000000d7200000)
  to   space 2048K, 0% used [0x00000000d6e00000,0x00000000d6e00000,0x00000000d7000000)
 ParOldGen       total 129536K, used 3719K [0x0000000081200000, 0x0000000089080000, 0x00000000d5b80000)
  object space 129536K, 2% used [0x0000000081200000,0x00000000815a1f70,0x0000000089080000)
 Metaspace       used 14662K, capacity 14828K, committed 15104K, reserved 1062912K
  class space    used 1882K, capacity 1952K, committed 2048K, reserved 1048576K
}

