# JRE version: Java(TM) SE Runtime Environment (8.0_05-b13) (build 1.8.0_05-b13)
# Java VM: Java HotSpot(TM) 64-Bit Server VM (25.5-b02 mixed mode windows-amd64 compressed oops)
Heap:
 PSYoungGen      total 20992K, used 8057K [0x00000000d5b80000, 0x00000000d7200000, 0x0000000100000000)
  eden space 18944K, 35% used [0x00000000d5b80000,0x00000000d62101a8,0x00000000d6e00000)
  from space 2048K, 65% used [0x00000000d7000000,0x00000000d714e508,0x00000000d7200000)
  to   space 2048K, 0% used [0x00000000d6e00000,0x00000000d6e00000,0x00000000d7000000)
 ParOldGen       total 129536K, used 3645K [0x0000000081200000, 0x0000000089080000, 0x00000000d5b80000)
  object space 129536K, 2% used [0x0000000081200000,0x000000008158f660,0x0000000089080000)
 Metaspace       used 15463K, capacity 15626K, committed 16000K, reserved 1062912K
  class space    used 1981K, capacity 2050K, committed 2176K, reserved 1048576K
GC Heap History (10 events):
Event: 0.522 GC heap before
{Heap before GC invocations=8 (full 0):
 PSYoungGen      total 5120K, used 4467K [0x00000000d5b80000, 0x00000000d6580000, 0x0000000100000000)
  eden space 3584K, 100% used [0x00000000d5b80000,0x00000000d5f00000,0x00000000d5f00000)
  from space 1536K, 57% used [0x00000000d5f00000,0x00000000d5fdcf20,0x00000000d6080000)
  to   space 1536K, 0% used [0x00000000d6400000,0x00000000d6400000,0x00000000d6580000)
 ParOldGen       total 129536K, used 1261K [0x0000000081200000, 0x0000000089080000, 0x00000000d5b80000)
  object space 129536K, 0% used [0x0000000081200000,0x000000008133b638,0x0000000089080000)
 Metaspace       used 7597K, capacity 7734K, committed 7936K, reserved 1056768K
  class space    used 897K, capacity 955K, committed 1024K, reserved 1048576K
Event: 0.524 GC heap after
Heap after GC invocations=8 (full 0):
 PSYoungGen      total 8704K, used 1216K [0x00000000d5b80000, 0x00000000d6580000, 0x0000000100000000)
  eden space 7168K, 0% used [0x00000000d5b80000,0x00000000d5b80000,0x00000000d6280000)
  from space 1536K, 79% used [0x00000000d6400000,0x00000000d6530000,0x00000000d6580000)
  to   space 1536K, 0% used [0x00000000d6280000,0x00000000d6280000,0x00000000d6400000)
 ParOldGen       total 129536K, used 1493K [0x0000000081200000, 0x0000000089080000, 0x00000000d5b80000)
  object space 129536K, 1% used [0x0000000081200000,0x0000000081375638,0x0000000089080000)
 Metaspace       used 7597K, capacity 7734K, committed 7936K, reserved 1056768K
  class space    used 897K, capacity 955K, committed 1024K, reserved 1048576K
}
Event: 0.600 GC heap before
{Heap before GC invocations=9 (full 0):
 PSYoungGen      total 8704K, used 8384K [0x00000000d5b80000, 0x00000000d6580000, 0x0000000100000000)
  eden space 7168K, 100% used [0x00000000d5b80000,0x00000000d6280000,0x00000000d6280000)
  from space 1536K, 79% used [0x00000000d6400000,0x00000000d6530000,0x00000000d6580000)
  to   space 1536K, 0% used [0x00000000d6280000,0x00000000d6280000,0x00000000d6400000)
 ParOldGen       total 129536K, used 1493K [0x0000000081200000, 0x0000000089080000, 0x00000000d5b80000)
  object space 129536K, 1% used [0x0000000081200000,0x0000000081375638,0x0000000089080000)
 Metaspace       used 8513K, capacity 8598K, committed 8832K, reserved 1056768K
  class space    used 1056K, capacity 1115K, committed 1152K, reserved 1048576K
Event: 0.603 GC heap after
Heap after GC invocations=9 (full 0):
 PSYoungGen      total 8704K, used 1529K [0x00000000d5b80000, 0x00000000d6b00000, 0x0000000100000000)
  eden space 7168K, 0% used [0x00000000d5b80000,0x00000000d5b80000,0x00000000d6280000)
  from space 1536K, 99% used [0x00000000d6280000,0x00000000d63fe7a0,0x00000000d6400000)
  to   space 2048K, 0% used [0x00000000d6900000,0x00000000d6900000,0x00000000d6b00000)
 ParOldGen       total 129536K, used 1731K [0x0000000081200000, 0x0000000089080000, 0x00000000d5b80000)
  object space 129536K, 1% used [0x0000000081200000,0x00000000813b0f70,0x0000000089080000)
 Metaspace       used 8513K, capacity 8598K, committed 8832K, reserved 1056768K
  class space    used 1056K, capacity 1115K, committed 1152K, reserved 1048576K
}
Event: 0.877 GC heap before
{Heap before GC invocations=10 (full 0):
 PSYoungGen      total 8704K, used 8697K [0x00000000d5b80000, 0x00000000d6b00000, 0x0000000100000000)
  eden space 7168K, 100% used [0x00000000d5b80000,0x00000000d6280000,0x00000000d6280000)
  from space 1536K, 99% used [0x00000000d6280000,0x00000000d63fe7a0,0x00000000d6400000)
  to   space 2048K, 0% used [0x00000000d6900000,0x00000000d6900000,0x00000000d6b00000)
 ParOldGen       total 129536K, used 1731K [0x0000000081200000, 0x0000000089080000, 0x00000000d5b80000)
  object space 129536K, 1% used [0x0000000081200000,0x00000000813b0f70,0x0000000089080000)
 Metaspace       used 9965K, capacity 10134K, committed 10368K, reserved 1058816K
  class space    used 1237K, capacity 1307K, committed 1408K, reserved 1048576K
Event: 0.881 GC heap after
Heap after GC invocations=10 (full 0):
 PSYoungGen      total 13824K, used 1483K [0x00000000d5b80000, 0x00000000d6b00000, 0x0000000100000000)
  eden space 11776K, 0% used [0x00000000d5b80000,0x00000000d5b80000,0x00000000d6700000)
  from space 2048K, 72% used [0x00000000d6900000,0x00000000d6a72ec0,0x00000000d6b00000)
  to   space 2048K, 0% used [0x00000000d6700000,0x00000000d6700000,0x00000000d6900000)
 ParOldGen       total 129536K, used 2471K [0x0000000081200000, 0x0000000089080000, 0x00000000d5b80000)
  object space 129536K, 1% used [0x0000000081200000,0x0000000081469f80,0x0000000089080000)
 Metaspace       used 9965K, capacity 10134K, committed 10368K, reserved 1058816K
  class space    used 1237K, capacity 1307K, committed 1408K, reserved 1048576K
}
Event: 0.996 GC heap before
{Heap before GC invocations=11 (full 0):
 PSYoungGen      total 13824K, used 13259K [0x00000000d5b80000, 0x00000000d6b00000, 0x0000000100000000)
  eden space 11776K, 100% used [0x00000000d5b80000,0x00000000d6700000,0x00000000d6700000)
  from space 2048K, 72% used [0x00000000d6900000,0x00000000d6a72ec0,0x00000000d6b00000)
  to   space 2048K, 0% used [0x00000000d6700000,0x00000000d6700000,0x00000000d6900000)
 ParOldGen       total 129536K, used 2471K [0x0000000081200000, 0x0000000089080000, 0x00000000d5b80000)
  object space 129536K, 1% used [0x0000000081200000,0x0000000081469f80,0x0000000089080000)
 Metaspace       used 11577K, capacity 11778K, committed 12032K, reserved 1060864K
  class space    used 1483K, capacity 1534K, committed 1536K, reserved 1048576K
Event: 0.999 GC heap after
Heap after GC invocations=11 (full 0):
 PSYoungGen      total 13824K, used 1011K [0x00000000d5b80000, 0x00000000d7200000, 0x0000000100000000)
  eden space 11776K, 0% used [0x00000000d5b80000,0x00000000d5b80000,0x00000000d6700000)
  from space 2048K, 49% used [0x00000000d6700000,0x00000000d67fceb0,0x00000000d6900000)
  to   space 2048K, 0% used [0x00000000d7000000,0x00000000d7000000,0x00000000d7200000)
 ParOldGen       total 129536K, used 3229K [0x0000000081200000, 0x0000000089080000, 0x00000000d5b80000)
  object space 129536K, 2% used [0x0000000081200000,0x0000000081527650,0x0000000089080000)
 Metaspace       used 11577K, capacity 11778K, committed 12032K, reserved 1060864K
  class space    used 1483K, capacity 1534K, committed 1536K, reserved 1048576K
}
Event: 1.261 GC heap before
{Heap before GC invocations=12 (full 0):
 PSYoungGen      total 13824K, used 12787K [0x00000000d5b80000, 0x00000000d7200000, 0x0000000100000000)
  eden space 11776K, 100% used [0x00000000d5b80000,0x00000000d6700000,0x00000000d6700000)
  from space 2048K, 49% used [0x00000000d6700000,0x00000000d67fceb0,0x00000000d6900000)
  to   space 2048K, 0% used [0x00000000d7000000,0x00000000d7000000,0x00000000d7200000)
 ParOldGen       total 129536K, used 3229K [0x0000000081200000, 0x0000000089080000, 0x00000000d5b80000)
  object space 129536K, 2% used [0x0000000081200000,0x0000000081527650,0x0000000089080000)
 Metaspace       used 14652K, capacity 14824K, committed 15104K, reserved 1062912K
  class space    used 1881K, capacity 1952K, committed 2048K, reserved 1048576K
Event: 1.263 GC heap after
Heap after GC invocations=12 (full 0):
 PSYoungGen      total 20992K, used 1337K [0x00000000d5b80000, 0x00000000d7200000, 0x0000000100000000)
  eden space 18944K, 0% used [0x00000000d5b80000,0x00000000d5b80000,0x00000000d6e00000)
  from space 2048K, 65% used [0x00000000d7000000,0x00000000d714e508,0x00000000d7200000)
  to   space 2048K, 0% used [0x00000000d6e00000,0x00000000d6e00000,0x00000000d7000000)
 ParOldGen       total 129536K, used 3645K [0x0000000081200000, 0x0000000089080000, 0x00000000d5b80000)
  object space 129536K, 2% used [0x0000000081200000,0x000000008158f660,0x0000000089080000)
 Metaspace       used 14652K, capacity 14824K, committed 15104K, reserved 1062912K
  class space    used 1881K, capacity 1952K, committed 2048K, reserved 1048576K
}

